[+] Containers:
 |- [+] Container: /Game/ThirdPerson/Maps/ThirdPersonMap
 |   |- [+] ActorDescs:
 |   |   |- Guid:04DA92834FC993443063BFA96AE45839 BaseClass:/Game/Blueprints/BP_EnemySpawner.BP_EnemySpawner_C NativeClass:/Script/Engine.Actor Name:BP_EnemySpawner_C_UAID_4CCC6A0B17EC3ADE01_1823995801 Label:BP_EnemySpawner SpatiallyLoaded:1 Bounds:IsValid=true, Min=(X=5851.276 Y=8809.602 Z=1310.000), Max=(X=6050.521 Y=9073.740 Z=1470.000) RuntimeGrid:None EditorOnly:0 RuntimeOnly:0 HLODRelevant:0 ListedInSceneOutliner:1 IsMainWorldOnly:0
 |   |   |- Guid:090D92414AC4450407FB508AE8773C9E BaseClass:/Game/Blueprints/BP_EnemySpawner.BP_EnemySpawner_C NativeClass:/Script/Engine.Actor Name:BP_EnemySpawner_C_UAID_4CCC6A0B17EC18E201_1687525039 Label:BP_EnemySpawner3 SpatiallyLoaded:1 Bounds:IsValid=true, Min=(X=5851.276 Y=4684.602 Z=1310.000), Max=(X=6050.521 Y=4948.740 Z=1470.000) RuntimeGrid:None EditorOnly:0 RuntimeOnly:0 HLODRelevant:0 ListedInSceneOutliner:1 IsMainWorldOnly:0
 |   |   |- Guid:0C91F1D249BDEE653011808FB0812304 BaseClass: NativeClass:/Script/Engine.StaticMeshActor Name:StaticMeshActor_UAID_4CCC6A0B17EC4BDF01_1292677851 Label:PlaneCutOtherPart5 SpatiallyLoaded:1 Bounds:IsValid=true, Min=(X=-0.000 Y=130.000 Z=0.000), Max=(X=100.000 Y=9885.000 Z=2100.000) RuntimeGrid:None EditorOnly:0 RuntimeOnly:0 HLODRelevant:1 ListedInSceneOutliner:1 IsMainWorldOnly:0
 |   |   |- Guid:2FB58999456391D349DC0F86DAC136ED BaseClass: NativeClass:/Script/Engine.SkyLight Name:SkyLight_1 Label:SkyLight SpatiallyLoaded:0 Bounds:IsValid=true, Min=(X=0.000 Y=0.000 Z=690.000), Max=(X=0.000 Y=0.000 Z=690.000) RuntimeGrid:None EditorOnly:0 RuntimeOnly:0 HLODRelevant:0 ListedInSceneOutliner:1 IsMainWorldOnly:0 FolderPath:Lighting FolderGuid:963EC3EB4002CCE9759E2EBA541A873A
 |   |   |- Guid:316CF2A6494ACA4C0E4180A87D36AB8F BaseClass: NativeClass:/Script/Engine.ExponentialHeightFog Name:ExponentialHeightFog_0 Label:ExponentialHeightFog SpatiallyLoaded:0 Bounds:IsValid=true, Min=(X=-5600.000 Y=-50.000 Z=-6850.000), Max=(X=-5600.000 Y=-50.000 Z=-6850.000) RuntimeGrid:None EditorOnly:0 RuntimeOnly:0 HLODRelevant:0 ListedInSceneOutliner:1 IsMainWorldOnly:0 FolderPath:Lighting FolderGuid:963EC3EB4002CCE9759E2EBA541A873A
 |   |   |- Guid:36461EA74EA626DDAC15E2A09C5053A8 BaseClass: NativeClass:/Script/Engine.StaticMeshActor Name:StaticMeshActor_UAID_4CCC6A0B17EC4BDF01_1253918849 Label:PlaneCutOtherPart3 SpatiallyLoaded:1 Bounds:IsValid=true, Min=(X=-0.000 Y=9885.000 Z=0.000), Max=(X=9860.000 Y=10000.000 Z=2100.000) RuntimeGrid:None EditorOnly:0 RuntimeOnly:0 HLODRelevant:1 ListedInSceneOutliner:1 IsMainWorldOnly:0
 |   |   |- Guid:3A00AA1C422CE54C0BDB60BAF471BFBB BaseClass: NativeClass:/Script/Engine.PlayerStart Name:PlayerStart_0 Label:PlayerStart SpatiallyLoaded:0 Bounds:IsValid=true, Min=(X=4390.000 Y=2840.000 Z=0.013), Max=(X=4470.000 Y=2920.000 Z=184.013) RuntimeGrid:None EditorOnly:0 RuntimeOnly:0 HLODRelevant:0 ListedInSceneOutliner:1 IsMainWorldOnly:0
 |   |   |- Guid:3A99BA2E4553B72D65BC11A96A837B9D BaseClass:/Game/Blueprints/BP_EnemySpawner.BP_EnemySpawner_C NativeClass:/Script/Engine.Actor Name:BP_EnemySpawner_C_UAID_4CCC6A0B17EC3ADE01_1831294804 Label:BP_EnemySpawner4 SpatiallyLoaded:1 Bounds:IsValid=true, Min=(X=4721.276 Y=8809.602 Z=1310.000), Max=(X=4920.521 Y=9073.740 Z=1470.000) RuntimeGrid:None EditorOnly:0 RuntimeOnly:0 HLODRelevant:0 ListedInSceneOutliner:1 IsMainWorldOnly:0
 |   |   |- Guid:4689C6CF46905AFB590BD1AB4EA35DE5 BaseClass:/Game/Blueprints/BP_EnemySpawner.BP_EnemySpawner_C NativeClass:/Script/Engine.Actor Name:BP_EnemySpawner_C_UAID_4CCC6A0B17EC3CDE01_1860002162 Label:BP_EnemySpawner7 SpatiallyLoaded:1 Bounds:IsValid=true, Min=(X=9389.602 Y=6199.479 Z=1310.000), Max=(X=9653.740 Y=6398.724 Z=1470.000) RuntimeGrid:None EditorOnly:0 RuntimeOnly:0 HLODRelevant:0 ListedInSceneOutliner:1 IsMainWorldOnly:0
 |   |   |- Guid:4A55BC1C4DD913ADE4D90C99CB98CCBC BaseClass:/Game/Blueprints/BP_EnemySpawner.BP_EnemySpawner_C NativeClass:/Script/Engine.Actor Name:BP_EnemySpawner_C_UAID_4CCC6A0B17EC3CDE01_1860007165 Label:BP_EnemySpawner10 SpatiallyLoaded:1 Bounds:IsValid=true, Min=(X=3764.888 Y=959.825 Z=1310.000), Max=(X=3924.888 Y=1199.825 Z=1470.000) RuntimeGrid:None EditorOnly:0 RuntimeOnly:0 HLODRelevant:0 ListedInSceneOutliner:1 IsMainWorldOnly:0
 |   |   |- Guid:4AB54B9841A4DDD4EFFC518F53836288 BaseClass:/Game/Blueprints/BP_InstantKillVolume.BP_InstantKillVolume_C NativeClass:/Script/Engine.Actor Name:BP_InstantKillVolume_C_UAID_4CCC6A0B17EC3CDE01_1412839160 Label:BP_InstantKillVolume SpatiallyLoaded:1 Bounds:IsValid=true, Min=(X=-498680.000 Y=-498830.000 Z=-1827.000), Max=(X=501320.000 Y=501170.000 Z=-1763.000) RuntimeGrid:None EditorOnly:0 RuntimeOnly:0 HLODRelevant:0 ListedInSceneOutliner:1 IsMainWorldOnly:0
 |   |   |- Guid:4D3BE93F4146AAAC8BBE79999D96D57F BaseClass: NativeClass:/Script/Engine.VolumetricCloud Name:VolumetricCloud_0 Label:VolumetricCloud SpatiallyLoaded:0 Bounds:IsValid=true, Min=(X=0.000 Y=0.000 Z=820.000), Max=(X=0.000 Y=0.000 Z=820.000) RuntimeGrid:None EditorOnly:0 RuntimeOnly:0 HLODRelevant:0 ListedInSceneOutliner:1 IsMainWorldOnly:0 FolderPath:Lighting FolderGuid:963EC3EB4002CCE9759E2EBA541A873A
 |   |   |- Guid:5562FDB74BD4415F3296A58528C01769 BaseClass: NativeClass:/Script/Engine.StaticMeshActor Name:StaticMeshActor_UAID_4CCC6A0B17EC4BDF01_1141885847 Label:PlaneCutOtherPart SpatiallyLoaded:1 Bounds:IsValid=true, Min=(X=9860.000 Y=130.000 Z=0.000), Max=(X=10000.000 Y=10000.000 Z=2100.000) RuntimeGrid:None EditorOnly:0 RuntimeOnly:0 HLODRelevant:1 ListedInSceneOutliner:1 IsMainWorldOnly:0
 |   |   |- Guid:57D302D543A738AC82E97AB6F40DEBC4 BaseClass:/Game/Blueprints/BP_EnemySpawner.BP_EnemySpawner_C NativeClass:/Script/Engine.Actor Name:BP_EnemySpawner_C_UAID_4CCC6A0B17EC3ADE01_1833405806 Label:BP_EnemySpawner6 SpatiallyLoaded:1 Bounds:IsValid=true, Min=(X=616.260 Y=4071.276 Z=1310.000), Max=(X=880.398 Y=4270.521 Z=1470.000) RuntimeGrid:None EditorOnly:0 RuntimeOnly:0 HLODRelevant:0 ListedInSceneOutliner:1 IsMainWorldOnly:0
 |   |   |- Guid:6BAF4DDD444C60371492D3919DB42C97 BaseClass: NativeClass:/Script/Engine.WorldDataLayers Name:WorldDataLayers Label:WorldDataLayers SpatiallyLoaded:0 Bounds:IsValid=true, Min=(X=0.000 Y=0.000 Z=0.000), Max=(X=0.000 Y=0.000 Z=0.000) RuntimeGrid:None EditorOnly:0 RuntimeOnly:0 HLODRelevant:0 ListedInSceneOutliner:1 IsMainWorldOnly:1
 |   |   |- Guid:74F174D842503DC9B6719FB90D24A492 BaseClass:/Game/Blueprints/BP_EnemySpawner.BP_EnemySpawner_C NativeClass:/Script/Engine.Actor Name:BP_EnemySpawner_C_UAID_4CCC6A0B17EC4FDE01_1181828508 Label:BP_EnemySpawner2 SpatiallyLoaded:1 Bounds:IsValid=true, Min=(X=4260.000 Y=4750.000 Z=320.000), Max=(X=4420.000 Y=4990.000 Z=480.000) RuntimeGrid:None EditorOnly:0 RuntimeOnly:0 HLODRelevant:0 ListedInSceneOutliner:1 IsMainWorldOnly:0
 |   |   |- Guid:A01A2BF640809FBD26C5938E013FE906 BaseClass:/Game/Blueprints/BP_EnemySpawner.BP_EnemySpawner_C NativeClass:/Script/Engine.Actor Name:BP_EnemySpawner_C_UAID_4CCC6A0B17EC18E201_1694547041 Label:BP_EnemySpawner11 SpatiallyLoaded:1 Bounds:IsValid=true, Min=(X=3146.276 Y=4684.602 Z=1310.000), Max=(X=3345.521 Y=4948.740 Z=1470.000) RuntimeGrid:None EditorOnly:0 RuntimeOnly:0 HLODRelevant:0 ListedInSceneOutliner:1 IsMainWorldOnly:0
 |   |   |- Guid:B785ED2844B84CFB91E7F39FE661CD99 BaseClass: NativeClass:/Script/Engine.DirectionalLight Name:DirectionalLight_0 Label:DirectionalLight SpatiallyLoaded:0 Bounds:IsValid=true, Min=(X=-4398046511104.000 Y=-4398046511104.000 Z=-4398046511104.000), Max=(X=4398046511104.000 Y=4398046511104.000 Z=4398046511104.000) RuntimeGrid:None EditorOnly:0 RuntimeOnly:0 HLODRelevant:0 ListedInSceneOutliner:1 IsMainWorldOnly:0 FolderPath:Lighting FolderGuid:963EC3EB4002CCE9759E2EBA541A873A
 |   |   |- Guid:C5367C55448E86C877EA7D8DB4CC88E2 BaseClass: NativeClass:/Script/Engine.StaticMeshActor Name:StaticMeshActor_UAID_4CCC6A0B17EC4BDF01_1235041848 Label:PlaneCutOtherPart2 SpatiallyLoaded:1 Bounds:IsValid=true, Min=(X=-0.000 Y=-0.000 Z=0.000), Max=(X=10000.000 Y=130.000 Z=2100.000) RuntimeGrid:None EditorOnly:0 RuntimeOnly:0 HLODRelevant:1 ListedInSceneOutliner:1 IsMainWorldOnly:0
 |   |   |- Guid:CCFF262C46EEFFDF319E7F9539CE697E BaseClass: NativeClass:/Script/Engine.SkyAtmosphere Name:SkyAtmosphere_0 Label:SkyAtmosphere SpatiallyLoaded:0 Bounds:IsValid=true, Min=(X=0.000 Y=0.000 Z=1020.000), Max=(X=0.000 Y=0.000 Z=1020.000) RuntimeGrid:None EditorOnly:0 RuntimeOnly:0 HLODRelevant:0 ListedInSceneOutliner:1 IsMainWorldOnly:0 FolderPath:Lighting FolderGuid:963EC3EB4002CCE9759E2EBA541A873A
 |   |   |- Guid:CE8F0C3B40A9FCA752C5B0B3F88C91E5 BaseClass:/Game/Blueprints/BP_EnemySpawner.BP_EnemySpawner_C NativeClass:/Script/Engine.Actor Name:BP_EnemySpawner_C_UAID_4CCC6A0B17EC18E201_1687527040 Label:BP_EnemySpawner9 SpatiallyLoaded:1 Bounds:IsValid=true, Min=(X=4721.276 Y=4684.602 Z=1310.000), Max=(X=4920.521 Y=4948.740 Z=1470.000) RuntimeGrid:None EditorOnly:0 RuntimeOnly:0 HLODRelevant:0 ListedInSceneOutliner:1 IsMainWorldOnly:0
 |   |   |- Guid:DCB07CD24E576216F904239F62A6F157 BaseClass:/Game/Blueprints/BP_EnemySpawner.BP_EnemySpawner_C NativeClass:/Script/Engine.Actor Name:BP_EnemySpawner_C_UAID_4CCC6A0B17EC3ADE01_1833404805 Label:BP_EnemySpawner5 SpatiallyLoaded:1 Bounds:IsValid=true, Min=(X=616.260 Y=4461.276 Z=1310.000), Max=(X=880.398 Y=4660.521 Z=1470.000) RuntimeGrid:None EditorOnly:0 RuntimeOnly:0 HLODRelevant:0 ListedInSceneOutliner:1 IsMainWorldOnly:0
 |   |   |- Guid:EC4E0C944CE6AC6E784BC6BB2916EA13 BaseClass: NativeClass:/Script/Engine.StaticMeshActor Name:StaticMeshActor_UAID_A4AE111137DC5EFB00_1110535423 Label:SM_SkySphere SpatiallyLoaded:0 Bounds:IsValid=true, Min=(X=-1638400.000 Y=-1638400.000 Z=-1638400.000), Max=(X=1638400.000 Y=1638400.000 Z=1638400.000) RuntimeGrid:None EditorOnly:0 RuntimeOnly:0 HLODRelevant:1 ListedInSceneOutliner:1 IsMainWorldOnly:0 FolderPath:Lighting FolderGuid:963EC3EB4002CCE9759E2EBA541A873A
 |   |   |- Guid:F1924B8D48954B30891B2DB6A694F9CC BaseClass: NativeClass:/Script/Engine.StaticMeshActor Name:StaticMeshActor_1 Label:SM_Cube SpatiallyLoaded:1 Bounds:IsValid=true, Min=(X=-0.000 Y=-0.000 Z=-100.000), Max=(X=10000.000 Y=10000.000 Z=0.000) RuntimeGrid:None EditorOnly:0 RuntimeOnly:0 HLODRelevant:1 ListedInSceneOutliner:1 IsMainWorldOnly:0 FolderPath:Playground FolderGuid:C73F09FC4215536B1DCE2A9E0A830C70
 |   |   |- Guid:F36B1B134A3D8B12D4808EAF83DC29E6 BaseClass:/Game/Blueprints/BP_EnemySpawner.BP_EnemySpawner_C NativeClass:/Script/Engine.Actor Name:BP_EnemySpawner_C_UAID_4CCC6A0B17EC3CDE01_1860004163 Label:BP_EnemySpawner8 SpatiallyLoaded:1 Bounds:IsValid=true, Min=(X=9389.602 Y=4089.479 Z=1310.000), Max=(X=9653.740 Y=4288.724 Z=1470.000) RuntimeGrid:None EditorOnly:0 RuntimeOnly:0 HLODRelevant:0 ListedInSceneOutliner:1 IsMainWorldOnly:0
 |   |   |- Guid:F5E3FEB3450C49844FD93DA8E083C8AD BaseClass: NativeClass:/Script/Engine.PostProcessVolume Name:PostProcessVolume_0 Label:PostProcessVolume SpatiallyLoaded:0 Bounds:IsValid=true, Min=(X=0.000 Y=0.000 Z=400.000), Max=(X=200.000 Y=200.000 Z=600.000) RuntimeGrid:None EditorOnly:0 RuntimeOnly:0 HLODRelevant:0 ListedInSceneOutliner:1 IsMainWorldOnly:0 FolderPath:Lighting FolderGuid:963EC3EB4002CCE9759E2EBA541A873A
 |   |- [+] Clusters:
 |   |   |- [+] [  0]
 |   |   |   |- Guid:04DA92834FC993443063BFA96AE45839 BaseClass:/Game/Blueprints/BP_EnemySpawner.BP_EnemySpawner_C NativeClass:/Script/Engine.Actor Name:BP_EnemySpawner_C_UAID_4CCC6A0B17EC3ADE01_1823995801 Label:BP_EnemySpawner SpatiallyLoaded:1 Bounds:IsValid=true, Min=(X=5851.276 Y=8809.602 Z=1310.000), Max=(X=6050.521 Y=9073.740 Z=1470.000) RuntimeGrid:None EditorOnly:0 RuntimeOnly:0 HLODRelevant:0 ListedInSceneOutliner:1 IsMainWorldOnly:0
 |   |   |- [+] [  1]
 |   |   |   |- Guid:090D92414AC4450407FB508AE8773C9E BaseClass:/Game/Blueprints/BP_EnemySpawner.BP_EnemySpawner_C NativeClass:/Script/Engine.Actor Name:BP_EnemySpawner_C_UAID_4CCC6A0B17EC18E201_1687525039 Label:BP_EnemySpawner3 SpatiallyLoaded:1 Bounds:IsValid=true, Min=(X=5851.276 Y=4684.602 Z=1310.000), Max=(X=6050.521 Y=4948.740 Z=1470.000) RuntimeGrid:None EditorOnly:0 RuntimeOnly:0 HLODRelevant:0 ListedInSceneOutliner:1 IsMainWorldOnly:0
 |   |   |- [+] [  2]
 |   |   |   |- Guid:0C91F1D249BDEE653011808FB0812304 BaseClass: NativeClass:/Script/Engine.StaticMeshActor Name:StaticMeshActor_UAID_4CCC6A0B17EC4BDF01_1292677851 Label:PlaneCutOtherPart5 SpatiallyLoaded:1 Bounds:IsValid=true, Min=(X=-0.000 Y=130.000 Z=0.000), Max=(X=100.000 Y=9885.000 Z=2100.000) RuntimeGrid:None EditorOnly:0 RuntimeOnly:0 HLODRelevant:1 ListedInSceneOutliner:1 IsMainWorldOnly:0
 |   |   |- [+] [  3]
 |   |   |   |- Guid:2FB58999456391D349DC0F86DAC136ED BaseClass: NativeClass:/Script/Engine.SkyLight Name:SkyLight_1 Label:SkyLight SpatiallyLoaded:0 Bounds:IsValid=true, Min=(X=0.000 Y=0.000 Z=690.000), Max=(X=0.000 Y=0.000 Z=690.000) RuntimeGrid:None EditorOnly:0 RuntimeOnly:0 HLODRelevant:0 ListedInSceneOutliner:1 IsMainWorldOnly:0 FolderPath:Lighting FolderGuid:963EC3EB4002CCE9759E2EBA541A873A
 |   |   |- [+] [  4]
 |   |   |   |- Guid:316CF2A6494ACA4C0E4180A87D36AB8F BaseClass: NativeClass:/Script/Engine.ExponentialHeightFog Name:ExponentialHeightFog_0 Label:ExponentialHeightFog SpatiallyLoaded:0 Bounds:IsValid=true, Min=(X=-5600.000 Y=-50.000 Z=-6850.000), Max=(X=-5600.000 Y=-50.000 Z=-6850.000) RuntimeGrid:None EditorOnly:0 RuntimeOnly:0 HLODRelevant:0 ListedInSceneOutliner:1 IsMainWorldOnly:0 FolderPath:Lighting FolderGuid:963EC3EB4002CCE9759E2EBA541A873A
 |   |   |- [+] [  5]
 |   |   |   |- Guid:36461EA74EA626DDAC15E2A09C5053A8 BaseClass: NativeClass:/Script/Engine.StaticMeshActor Name:StaticMeshActor_UAID_4CCC6A0B17EC4BDF01_1253918849 Label:PlaneCutOtherPart3 SpatiallyLoaded:1 Bounds:IsValid=true, Min=(X=-0.000 Y=9885.000 Z=0.000), Max=(X=9860.000 Y=10000.000 Z=2100.000) RuntimeGrid:None EditorOnly:0 RuntimeOnly:0 HLODRelevant:1 ListedInSceneOutliner:1 IsMainWorldOnly:0
 |   |   |- [+] [  6]
 |   |   |   |- Guid:3A00AA1C422CE54C0BDB60BAF471BFBB BaseClass: NativeClass:/Script/Engine.PlayerStart Name:PlayerStart_0 Label:PlayerStart SpatiallyLoaded:0 Bounds:IsValid=true, Min=(X=4390.000 Y=2840.000 Z=0.013), Max=(X=4470.000 Y=2920.000 Z=184.013) RuntimeGrid:None EditorOnly:0 RuntimeOnly:0 HLODRelevant:0 ListedInSceneOutliner:1 IsMainWorldOnly:0
 |   |   |- [+] [  7]
 |   |   |   |- Guid:3A99BA2E4553B72D65BC11A96A837B9D BaseClass:/Game/Blueprints/BP_EnemySpawner.BP_EnemySpawner_C NativeClass:/Script/Engine.Actor Name:BP_EnemySpawner_C_UAID_4CCC6A0B17EC3ADE01_1831294804 Label:BP_EnemySpawner4 SpatiallyLoaded:1 Bounds:IsValid=true, Min=(X=4721.276 Y=8809.602 Z=1310.000), Max=(X=4920.521 Y=9073.740 Z=1470.000) RuntimeGrid:None EditorOnly:0 RuntimeOnly:0 HLODRelevant:0 ListedInSceneOutliner:1 IsMainWorldOnly:0
 |   |   |- [+] [  8]
 |   |   |   |- Guid:4689C6CF46905AFB590BD1AB4EA35DE5 BaseClass:/Game/Blueprints/BP_EnemySpawner.BP_EnemySpawner_C NativeClass:/Script/Engine.Actor Name:BP_EnemySpawner_C_UAID_4CCC6A0B17EC3CDE01_1860002162 Label:BP_EnemySpawner7 SpatiallyLoaded:1 Bounds:IsValid=true, Min=(X=9389.602 Y=6199.479 Z=1310.000), Max=(X=9653.740 Y=6398.724 Z=1470.000) RuntimeGrid:None EditorOnly:0 RuntimeOnly:0 HLODRelevant:0 ListedInSceneOutliner:1 IsMainWorldOnly:0
 |   |   |- [+] [  9]
 |   |   |   |- Guid:4A55BC1C4DD913ADE4D90C99CB98CCBC BaseClass:/Game/Blueprints/BP_EnemySpawner.BP_EnemySpawner_C NativeClass:/Script/Engine.Actor Name:BP_EnemySpawner_C_UAID_4CCC6A0B17EC3CDE01_1860007165 Label:BP_EnemySpawner10 SpatiallyLoaded:1 Bounds:IsValid=true, Min=(X=3764.888 Y=959.825 Z=1310.000), Max=(X=3924.888 Y=1199.825 Z=1470.000) RuntimeGrid:None EditorOnly:0 RuntimeOnly:0 HLODRelevant:0 ListedInSceneOutliner:1 IsMainWorldOnly:0
 |   |   |- [+] [ 10]
 |   |   |   |- Guid:4AB54B9841A4DDD4EFFC518F53836288 BaseClass:/Game/Blueprints/BP_InstantKillVolume.BP_InstantKillVolume_C NativeClass:/Script/Engine.Actor Name:BP_InstantKillVolume_C_UAID_4CCC6A0B17EC3CDE01_1412839160 Label:BP_InstantKillVolume SpatiallyLoaded:1 Bounds:IsValid=true, Min=(X=-498680.000 Y=-498830.000 Z=-1827.000), Max=(X=501320.000 Y=501170.000 Z=-1763.000) RuntimeGrid:None EditorOnly:0 RuntimeOnly:0 HLODRelevant:0 ListedInSceneOutliner:1 IsMainWorldOnly:0
 |   |   |- [+] [ 11]
 |   |   |   |- Guid:4D3BE93F4146AAAC8BBE79999D96D57F BaseClass: NativeClass:/Script/Engine.VolumetricCloud Name:VolumetricCloud_0 Label:VolumetricCloud SpatiallyLoaded:0 Bounds:IsValid=true, Min=(X=0.000 Y=0.000 Z=820.000), Max=(X=0.000 Y=0.000 Z=820.000) RuntimeGrid:None EditorOnly:0 RuntimeOnly:0 HLODRelevant:0 ListedInSceneOutliner:1 IsMainWorldOnly:0 FolderPath:Lighting FolderGuid:963EC3EB4002CCE9759E2EBA541A873A
 |   |   |- [+] [ 12]
 |   |   |   |- Guid:5562FDB74BD4415F3296A58528C01769 BaseClass: NativeClass:/Script/Engine.StaticMeshActor Name:StaticMeshActor_UAID_4CCC6A0B17EC4BDF01_1141885847 Label:PlaneCutOtherPart SpatiallyLoaded:1 Bounds:IsValid=true, Min=(X=9860.000 Y=130.000 Z=0.000), Max=(X=10000.000 Y=10000.000 Z=2100.000) RuntimeGrid:None EditorOnly:0 RuntimeOnly:0 HLODRelevant:1 ListedInSceneOutliner:1 IsMainWorldOnly:0
 |   |   |- [+] [ 13]
 |   |   |   |- Guid:57D302D543A738AC82E97AB6F40DEBC4 BaseClass:/Game/Blueprints/BP_EnemySpawner.BP_EnemySpawner_C NativeClass:/Script/Engine.Actor Name:BP_EnemySpawner_C_UAID_4CCC6A0B17EC3ADE01_1833405806 Label:BP_EnemySpawner6 SpatiallyLoaded:1 Bounds:IsValid=true, Min=(X=616.260 Y=4071.276 Z=1310.000), Max=(X=880.398 Y=4270.521 Z=1470.000) RuntimeGrid:None EditorOnly:0 RuntimeOnly:0 HLODRelevant:0 ListedInSceneOutliner:1 IsMainWorldOnly:0
 |   |   |- [+] [ 14]
 |   |   |   |- Guid:6BAF4DDD444C60371492D3919DB42C97 BaseClass: NativeClass:/Script/Engine.WorldDataLayers Name:WorldDataLayers Label:WorldDataLayers SpatiallyLoaded:0 Bounds:IsValid=true, Min=(X=0.000 Y=0.000 Z=0.000), Max=(X=0.000 Y=0.000 Z=0.000) RuntimeGrid:None EditorOnly:0 RuntimeOnly:0 HLODRelevant:0 ListedInSceneOutliner:1 IsMainWorldOnly:1
 |   |   |- [+] [ 15]
 |   |   |   |- Guid:74F174D842503DC9B6719FB90D24A492 BaseClass:/Game/Blueprints/BP_EnemySpawner.BP_EnemySpawner_C NativeClass:/Script/Engine.Actor Name:BP_EnemySpawner_C_UAID_4CCC6A0B17EC4FDE01_1181828508 Label:BP_EnemySpawner2 SpatiallyLoaded:1 Bounds:IsValid=true, Min=(X=4260.000 Y=4750.000 Z=320.000), Max=(X=4420.000 Y=4990.000 Z=480.000) RuntimeGrid:None EditorOnly:0 RuntimeOnly:0 HLODRelevant:0 ListedInSceneOutliner:1 IsMainWorldOnly:0
 |   |   |- [+] [ 16]
 |   |   |   |- Guid:A01A2BF640809FBD26C5938E013FE906 BaseClass:/Game/Blueprints/BP_EnemySpawner.BP_EnemySpawner_C NativeClass:/Script/Engine.Actor Name:BP_EnemySpawner_C_UAID_4CCC6A0B17EC18E201_1694547041 Label:BP_EnemySpawner11 SpatiallyLoaded:1 Bounds:IsValid=true, Min=(X=3146.276 Y=4684.602 Z=1310.000), Max=(X=3345.521 Y=4948.740 Z=1470.000) RuntimeGrid:None EditorOnly:0 RuntimeOnly:0 HLODRelevant:0 ListedInSceneOutliner:1 IsMainWorldOnly:0
 |   |   |- [+] [ 17]
 |   |   |   |- Guid:B785ED2844B84CFB91E7F39FE661CD99 BaseClass: NativeClass:/Script/Engine.DirectionalLight Name:DirectionalLight_0 Label:DirectionalLight SpatiallyLoaded:0 Bounds:IsValid=true, Min=(X=-4398046511104.000 Y=-4398046511104.000 Z=-4398046511104.000), Max=(X=4398046511104.000 Y=4398046511104.000 Z=4398046511104.000) RuntimeGrid:None EditorOnly:0 RuntimeOnly:0 HLODRelevant:0 ListedInSceneOutliner:1 IsMainWorldOnly:0 FolderPath:Lighting FolderGuid:963EC3EB4002CCE9759E2EBA541A873A
 |   |   |- [+] [ 18]
 |   |   |   |- Guid:C5367C55448E86C877EA7D8DB4CC88E2 BaseClass: NativeClass:/Script/Engine.StaticMeshActor Name:StaticMeshActor_UAID_4CCC6A0B17EC4BDF01_1235041848 Label:PlaneCutOtherPart2 SpatiallyLoaded:1 Bounds:IsValid=true, Min=(X=-0.000 Y=-0.000 Z=0.000), Max=(X=10000.000 Y=130.000 Z=2100.000) RuntimeGrid:None EditorOnly:0 RuntimeOnly:0 HLODRelevant:1 ListedInSceneOutliner:1 IsMainWorldOnly:0
 |   |   |- [+] [ 19]
 |   |   |   |- Guid:CCFF262C46EEFFDF319E7F9539CE697E BaseClass: NativeClass:/Script/Engine.SkyAtmosphere Name:SkyAtmosphere_0 Label:SkyAtmosphere SpatiallyLoaded:0 Bounds:IsValid=true, Min=(X=0.000 Y=0.000 Z=1020.000), Max=(X=0.000 Y=0.000 Z=1020.000) RuntimeGrid:None EditorOnly:0 RuntimeOnly:0 HLODRelevant:0 ListedInSceneOutliner:1 IsMainWorldOnly:0 FolderPath:Lighting FolderGuid:963EC3EB4002CCE9759E2EBA541A873A
 |   |   |- [+] [ 20]
 |   |   |   |- Guid:CE8F0C3B40A9FCA752C5B0B3F88C91E5 BaseClass:/Game/Blueprints/BP_EnemySpawner.BP_EnemySpawner_C NativeClass:/Script/Engine.Actor Name:BP_EnemySpawner_C_UAID_4CCC6A0B17EC18E201_1687527040 Label:BP_EnemySpawner9 SpatiallyLoaded:1 Bounds:IsValid=true, Min=(X=4721.276 Y=4684.602 Z=1310.000), Max=(X=4920.521 Y=4948.740 Z=1470.000) RuntimeGrid:None EditorOnly:0 RuntimeOnly:0 HLODRelevant:0 ListedInSceneOutliner:1 IsMainWorldOnly:0
 |   |   |- [+] [ 21]
 |   |   |   |- Guid:DCB07CD24E576216F904239F62A6F157 BaseClass:/Game/Blueprints/BP_EnemySpawner.BP_EnemySpawner_C NativeClass:/Script/Engine.Actor Name:BP_EnemySpawner_C_UAID_4CCC6A0B17EC3ADE01_1833404805 Label:BP_EnemySpawner5 SpatiallyLoaded:1 Bounds:IsValid=true, Min=(X=616.260 Y=4461.276 Z=1310.000), Max=(X=880.398 Y=4660.521 Z=1470.000) RuntimeGrid:None EditorOnly:0 RuntimeOnly:0 HLODRelevant:0 ListedInSceneOutliner:1 IsMainWorldOnly:0
 |   |   |- [+] [ 22]
 |   |   |   |- Guid:EC4E0C944CE6AC6E784BC6BB2916EA13 BaseClass: NativeClass:/Script/Engine.StaticMeshActor Name:StaticMeshActor_UAID_A4AE111137DC5EFB00_1110535423 Label:SM_SkySphere SpatiallyLoaded:0 Bounds:IsValid=true, Min=(X=-1638400.000 Y=-1638400.000 Z=-1638400.000), Max=(X=1638400.000 Y=1638400.000 Z=1638400.000) RuntimeGrid:None EditorOnly:0 RuntimeOnly:0 HLODRelevant:1 ListedInSceneOutliner:1 IsMainWorldOnly:0 FolderPath:Lighting FolderGuid:963EC3EB4002CCE9759E2EBA541A873A
 |   |   |- [+] [ 23]
 |   |   |   |- Guid:F1924B8D48954B30891B2DB6A694F9CC BaseClass: NativeClass:/Script/Engine.StaticMeshActor Name:StaticMeshActor_1 Label:SM_Cube SpatiallyLoaded:1 Bounds:IsValid=true, Min=(X=-0.000 Y=-0.000 Z=-100.000), Max=(X=10000.000 Y=10000.000 Z=0.000) RuntimeGrid:None EditorOnly:0 RuntimeOnly:0 HLODRelevant:1 ListedInSceneOutliner:1 IsMainWorldOnly:0 FolderPath:Playground FolderGuid:C73F09FC4215536B1DCE2A9E0A830C70
 |   |   |- [+] [ 24]
 |   |   |   |- Guid:F36B1B134A3D8B12D4808EAF83DC29E6 BaseClass:/Game/Blueprints/BP_EnemySpawner.BP_EnemySpawner_C NativeClass:/Script/Engine.Actor Name:BP_EnemySpawner_C_UAID_4CCC6A0B17EC3CDE01_1860004163 Label:BP_EnemySpawner8 SpatiallyLoaded:1 Bounds:IsValid=true, Min=(X=9389.602 Y=4089.479 Z=1310.000), Max=(X=9653.740 Y=4288.724 Z=1470.000) RuntimeGrid:None EditorOnly:0 RuntimeOnly:0 HLODRelevant:0 ListedInSceneOutliner:1 IsMainWorldOnly:0
 |   |   |- [+] [ 25]
 |   |   |   |- Guid:F5E3FEB3450C49844FD93DA8E083C8AD BaseClass: NativeClass:/Script/Engine.PostProcessVolume Name:PostProcessVolume_0 Label:PostProcessVolume SpatiallyLoaded:0 Bounds:IsValid=true, Min=(X=0.000 Y=0.000 Z=400.000), Max=(X=200.000 Y=200.000 Z=600.000) RuntimeGrid:None EditorOnly:0 RuntimeOnly:0 HLODRelevant:0 ListedInSceneOutliner:1 IsMainWorldOnly:0 FolderPath:Lighting FolderGuid:963EC3EB4002CCE9759E2EBA541A873A
 |- ContainerInstances:
 |- [+] MainContainer:
 |   |-        ID: 00000000000000000000000000000000
 |   |-  ParentID: 00000000000000000000000000000000
 |   |-    Bounds: IsValid=false, Min=(X=0.000 Y=0.000 Z=0.000), Max=(X=0.000 Y=0.000 Z=0.000)
 |   |- Transform: 0.000000,0.000000,0.000000|0.000000,0.000000,-0.000000|1.000000,1.000000,1.000000
 |   |- Container: /Game/ThirdPerson/Maps/ThirdPersonMap
----------------------------------------------------------------------------------------------------------------
ThirdPersonMap - Persistent Level
----------------------------------------------------------------------------------------------------------------
[+] Content of ThirdPersonMap Persistent Level
 |- Always loaded Actor Count: 5 
 |- Actor Path: /Game/ThirdPerson/Maps/ThirdPersonMap.ThirdPersonMap:PersistentLevel.Brush_0
 |- Actor Package: /Game/ThirdPerson/Maps/ThirdPersonMap
 |- Actor Path: /Game/ThirdPerson/Maps/ThirdPersonMap.ThirdPersonMap:PersistentLevel.DefaultPhysicsVolume_0
 |- Actor Package: /Game/ThirdPerson/Maps/ThirdPersonMap
 |- Actor Path: /Game/ThirdPerson/Maps/ThirdPersonMap.ThirdPersonMap:PersistentLevel.ThirdPersonMap_C_2
 |- Actor Package: /Game/ThirdPerson/Maps/ThirdPersonMap
 |- Actor Path: /Game/ThirdPerson/Maps/ThirdPersonMap.ThirdPersonMap:PersistentLevel.WorldDataLayers
 |- Actor Package: /Game/__ExternalActors__/ThirdPerson/Maps/ThirdPersonMap/0/43/HYQWORMY4JDQ5X3OKZXFLC
 |- Actor Path: /Game/ThirdPerson/Maps/ThirdPersonMap.ThirdPersonMap:PersistentLevel.WorldInfo_0
 |- Actor Package: /Game/ThirdPerson/Maps/ThirdPersonMap

----------------------------------------------------------------------------------------------------------------
ThirdPersonMap - Runtime Spatial Hash - Streaming Grid - MainGrid
----------------------------------------------------------------------------------------------------------------
            Origin: X=0.000 Y=0.000 Z=0.000
         Cell Size: 12800
      World Bounds: IsValid=false, Min=(X=0.000 Y=0.000 Z=0.000), Max=(X=0.000 Y=0.000 Z=0.000)
     Loading Range: 25600.00
Block Slow Loading: No
 ClientOnlyVisible: No
            Origin: X=0.000 Y=0.000 Z=0.000

[+] Grid Levels: 1
 |- Level  0: Cell Count    1 | Cell Size   12800 | Actor Count   25 (100.0%)

[+] Content of Grid Level 0
 |- [+] Content of Cell ThirdPersonMap_MainGrid_L0_X0_Y0 (1N17E9NU1SER3N1YKPVN9Q1W3)
 |   |- Actor Count: 25
 |   |-          Actor Path: /Game/ThirdPerson/Maps/ThirdPersonMap.ThirdPersonMap:PersistentLevel.BP_EnemySpawner_C_UAID_4CCC6A0B17EC3ADE01_1823995801
 |   |-       Actor Package: /Game/__ExternalActors__/ThirdPerson/Maps/ThirdPersonMap/B/9W/66A0ETPZ0XFX3JJFGH60M1
 |   |- Actor Instance Guid: 04DA92834FC993443063BFA96AE45839
 |   |-          Actor Path: /Game/ThirdPerson/Maps/ThirdPersonMap.ThirdPersonMap:PersistentLevel.BP_EnemySpawner_C_UAID_4CCC6A0B17EC18E201_1687525039
 |   |-       Actor Package: /Game/__ExternalActors__/ThirdPerson/Maps/ThirdPersonMap/0/JA/QL6IE53YSH4YSIMJSI59UL
 |   |- Actor Instance Guid: 090D92414AC4450407FB508AE8773C9E
 |   |-          Actor Path: /Game/ThirdPerson/Maps/ThirdPersonMap.ThirdPersonMap:PersistentLevel.StaticMeshActor_UAID_4CCC6A0B17EC4BDF01_1292677851
 |   |-       Actor Package: /Game/__ExternalActors__/ThirdPerson/Maps/ThirdPersonMap/0/UC/HT9ERDSA8AFJ03BRZD1RRN
 |   |- Actor Instance Guid: 0C91F1D249BDEE653011808FB0812304
 |   |-          Actor Path: /Game/ThirdPerson/Maps/ThirdPersonMap.ThirdPersonMap:PersistentLevel.SkyLight_1
 |   |-       Actor Package: /Game/__ExternalActors__/ThirdPerson/Maps/ThirdPersonMap/8/S1/DXUWD12MD3HRWVVXX076BY
 |   |- Actor Instance Guid: 2FB58999456391D349DC0F86DAC136ED
 |   |-          Actor Path: /Game/ThirdPerson/Maps/ThirdPersonMap.ThirdPersonMap:PersistentLevel.ExponentialHeightFog_0
 |   |-       Actor Package: /Game/__ExternalActors__/ThirdPerson/Maps/ThirdPersonMap/6/J7/N10XDC9G27EMLS5AGZ6AVV
 |   |- Actor Instance Guid: 316CF2A6494ACA4C0E4180A87D36AB8F
 |   |-          Actor Path: /Game/ThirdPerson/Maps/ThirdPersonMap.ThirdPersonMap:PersistentLevel.StaticMeshActor_UAID_4CCC6A0B17EC4BDF01_1253918849
 |   |-       Actor Package: /Game/__ExternalActors__/ThirdPerson/Maps/ThirdPersonMap/A/CJ/WNTE1KYDJ52B56EL5JSZOH
 |   |- Actor Instance Guid: 36461EA74EA626DDAC15E2A09C5053A8
 |   |-          Actor Path: /Game/ThirdPerson/Maps/ThirdPersonMap.ThirdPersonMap:PersistentLevel.PlayerStart_0
 |   |-       Actor Package: /Game/__ExternalActors__/ThirdPerson/Maps/ThirdPersonMap/D/DE/SWSI13675DVYIZ0N4NF7Y3
 |   |- Actor Instance Guid: 3A00AA1C422CE54C0BDB60BAF471BFBB
 |   |-          Actor Path: /Game/ThirdPerson/Maps/ThirdPersonMap.ThirdPersonMap:PersistentLevel.BP_EnemySpawner_C_UAID_4CCC6A0B17EC3ADE01_1831294804
 |   |-       Actor Package: /Game/__ExternalActors__/ThirdPerson/Maps/ThirdPersonMap/C/R5/YQ8ZF6VP5URI5SRO3TDI14
 |   |- Actor Instance Guid: 3A99BA2E4553B72D65BC11A96A837B9D
 |   |-          Actor Path: /Game/ThirdPerson/Maps/ThirdPersonMap.ThirdPersonMap:PersistentLevel.BP_EnemySpawner_C_UAID_4CCC6A0B17EC3CDE01_1860002162
 |   |-       Actor Package: /Game/__ExternalActors__/ThirdPerson/Maps/ThirdPersonMap/8/I4/VY8XK48PYMEBLIBE0PT4ML
 |   |- Actor Instance Guid: 4689C6CF46905AFB590BD1AB4EA35DE5
 |   |-          Actor Path: /Game/ThirdPerson/Maps/ThirdPersonMap.ThirdPersonMap:PersistentLevel.BP_EnemySpawner_C_UAID_4CCC6A0B17EC3CDE01_1860007165
 |   |-       Actor Package: /Game/__ExternalActors__/ThirdPerson/Maps/ThirdPersonMap/3/6M/ZYQTDHIBBSXC1GL3WTZSGQ
 |   |- Actor Instance Guid: 4A55BC1C4DD913ADE4D90C99CB98CCBC
 |   |-          Actor Path: /Game/ThirdPerson/Maps/ThirdPersonMap.ThirdPersonMap:PersistentLevel.BP_InstantKillVolume_C_UAID_4CCC6A0B17EC3CDE01_1412839160
 |   |-       Actor Package: /Game/__ExternalActors__/ThirdPerson/Maps/ThirdPersonMap/2/JR/QIAYCKMUO1RPEOSZSD9BIA
 |   |- Actor Instance Guid: 4AB54B9841A4DDD4EFFC518F53836288
 |   |-          Actor Path: /Game/ThirdPerson/Maps/ThirdPersonMap.ThirdPersonMap:PersistentLevel.VolumetricCloud_0
 |   |-       Actor Package: /Game/__ExternalActors__/ThirdPerson/Maps/ThirdPersonMap/3/EY/87SHEJN5UBEAN2K5OV1G6R
 |   |- Actor Instance Guid: 4D3BE93F4146AAAC8BBE79999D96D57F
 |   |-          Actor Path: /Game/ThirdPerson/Maps/ThirdPersonMap.ThirdPersonMap:PersistentLevel.StaticMeshActor_UAID_4CCC6A0B17EC4BDF01_1141885847
 |   |-       Actor Package: /Game/__ExternalActors__/ThirdPerson/Maps/ThirdPersonMap/A/77/UYIG5FA5LH8JT5Y70JPB9U
 |   |- Actor Instance Guid: 5562FDB74BD4415F3296A58528C01769
 |   |-          Actor Path: /Game/ThirdPerson/Maps/ThirdPersonMap.ThirdPersonMap:PersistentLevel.BP_EnemySpawner_C_UAID_4CCC6A0B17EC3ADE01_1833405806
 |   |-       Actor Package: /Game/__ExternalActors__/ThirdPerson/Maps/ThirdPersonMap/7/0P/RYTGKNOPMSMVWIXUBCW39W
 |   |- Actor Instance Guid: 57D302D543A738AC82E97AB6F40DEBC4
 |   |-          Actor Path: /Game/ThirdPerson/Maps/ThirdPersonMap.ThirdPersonMap:PersistentLevel.BP_EnemySpawner_C_UAID_4CCC6A0B17EC4FDE01_1181828508
 |   |-       Actor Package: /Game/__ExternalActors__/ThirdPerson/Maps/ThirdPersonMap/4/GF/D44A3DNZG5A6736BKM3D1S
 |   |- Actor Instance Guid: 74F174D842503DC9B6719FB90D24A492
 |   |-          Actor Path: /Game/ThirdPerson/Maps/ThirdPersonMap.ThirdPersonMap:PersistentLevel.BP_EnemySpawner_C_UAID_4CCC6A0B17EC18E201_1694547041
 |   |-       Actor Package: /Game/__ExternalActors__/ThirdPerson/Maps/ThirdPersonMap/1/CO/24S16XSEBC8PM44QBOPEWH
 |   |- Actor Instance Guid: A01A2BF640809FBD26C5938E013FE906
 |   |-          Actor Path: /Game/ThirdPerson/Maps/ThirdPersonMap.ThirdPersonMap:PersistentLevel.DirectionalLight_0
 |   |-       Actor Package: /Game/__ExternalActors__/ThirdPerson/Maps/ThirdPersonMap/5/R1/TS5OQ5CRUWFZYL1ZQ7I416
 |   |- Actor Instance Guid: B785ED2844B84CFB91E7F39FE661CD99
 |   |-          Actor Path: /Game/ThirdPerson/Maps/ThirdPersonMap.ThirdPersonMap:PersistentLevel.StaticMeshActor_UAID_4CCC6A0B17EC4BDF01_1235041848
 |   |-       Actor Package: /Game/__ExternalActors__/ThirdPerson/Maps/ThirdPersonMap/D/2E/YFV6G6IQK0OO5985T8V4Q6
 |   |- Actor Instance Guid: C5367C55448E86C877EA7D8DB4CC88E2
 |   |-          Actor Path: /Game/ThirdPerson/Maps/ThirdPersonMap.ThirdPersonMap:PersistentLevel.SkyAtmosphere_0
 |   |-       Actor Package: /Game/__ExternalActors__/ThirdPerson/Maps/ThirdPersonMap/4/LN/30UBDLYFFA5ZR7U4W4L4GG
 |   |- Actor Instance Guid: CCFF262C46EEFFDF319E7F9539CE697E
 |   |-          Actor Path: /Game/ThirdPerson/Maps/ThirdPersonMap.ThirdPersonMap:PersistentLevel.BP_EnemySpawner_C_UAID_4CCC6A0B17EC18E201_1687527040
 |   |-       Actor Package: /Game/__ExternalActors__/ThirdPerson/Maps/ThirdPersonMap/7/EG/H5DVX4ZDKZ54YLCGLAYAK1
 |   |- Actor Instance Guid: CE8F0C3B40A9FCA752C5B0B3F88C91E5
 |   |-          Actor Path: /Game/ThirdPerson/Maps/ThirdPersonMap.ThirdPersonMap:PersistentLevel.BP_EnemySpawner_C_UAID_4CCC6A0B17EC3ADE01_1833404805
 |   |-       Actor Package: /Game/__ExternalActors__/ThirdPerson/Maps/ThirdPersonMap/C/CX/N198251FS49854C60TECIO
 |   |- Actor Instance Guid: DCB07CD24E576216F904239F62A6F157
 |   |-          Actor Path: /Game/ThirdPerson/Maps/ThirdPersonMap.ThirdPersonMap:PersistentLevel.StaticMeshActor_UAID_A4AE111137DC5EFB00_1110535423
 |   |-       Actor Package: /Game/__ExternalActors__/ThirdPerson/Maps/ThirdPersonMap/4/PN/2QISIGK5DJNQ05US8O8FXW
 |   |- Actor Instance Guid: EC4E0C944CE6AC6E784BC6BB2916EA13
 |   |-          Actor Path: /Game/ThirdPerson/Maps/ThirdPersonMap.ThirdPersonMap:PersistentLevel.StaticMeshActor_1
 |   |-       Actor Package: /Game/__ExternalActors__/ThirdPerson/Maps/ThirdPersonMap/6/YO/NG2R9BPZVA7ZDN0Z4VSTG6
 |   |- Actor Instance Guid: F1924B8D48954B30891B2DB6A694F9CC
 |   |-          Actor Path: /Game/ThirdPerson/Maps/ThirdPersonMap.ThirdPersonMap:PersistentLevel.BP_EnemySpawner_C_UAID_4CCC6A0B17EC3CDE01_1860004163
 |   |-       Actor Package: /Game/__ExternalActors__/ThirdPerson/Maps/ThirdPersonMap/E/BP/CIUT2BJPXNOCF49DXRG4RP
 |   |- Actor Instance Guid: F36B1B134A3D8B12D4808EAF83DC29E6
 |   |-          Actor Path: /Game/ThirdPerson/Maps/ThirdPersonMap.ThirdPersonMap:PersistentLevel.PostProcessVolume_0
 |   |-       Actor Package: /Game/__ExternalActors__/ThirdPerson/Maps/ThirdPersonMap/1/AZ/A7GPT109Y6ZTTJD4A7TXER
 |   |- Actor Instance Guid: F5E3FEB3450C49844FD93DA8E083C8AD

